Release 14.7 - xst P.20131013 (lin64)
Copyright (c) 1995-2013 Xilinx, Inc.  All rights reserved.
--> 
Parameter TMPDIR set to xst/projnav.tmp


Total REAL time to Xst completion: 0.00 secs
Total CPU time to Xst completion: 0.04 secs
 
--> 
Parameter xsthdpdir set to xst


Total REAL time to Xst completion: 0.00 secs
Total CPU time to Xst completion: 0.04 secs
 
--> 
Reading design: ex2.prj

TABLE OF CONTENTS
  1) Synthesis Options Summary
  2) HDL Parsing
  3) HDL Elaboration
  4) HDL Synthesis
       4.1) HDL Synthesis Report
  5) Advanced HDL Synthesis
       5.1) Advanced HDL Synthesis Report
  6) Low Level Synthesis
  7) Partition Report
  8) Design Summary
       8.1) Primitive and Black Box Usage
       8.2) Device utilization summary
       8.3) Partition Resource Summary
       8.4) Timing Report
            8.4.1) Clock Information
            8.4.2) Asynchronous Control Signals Information
            8.4.3) Timing Summary
            8.4.4) Timing Details
            8.4.5) Cross Clock Domains Report


=========================================================================
*                      Synthesis Options Summary                        *
=========================================================================
---- Source Parameters
Input File Name                    : "ex2.prj"
Ignore Synthesis Constraint File   : NO

---- Target Parameters
Output File Name                   : "ex2"
Output Format                      : NGC
Target Device                      : xc6slx16-3-csg324

---- Source Options
Top Module Name                    : ex2
Automatic FSM Extraction           : YES
FSM Encoding Algorithm             : Auto
Safe Implementation                : No
FSM Style                          : LUT
RAM Extraction                     : Yes
RAM Style                          : Auto
ROM Extraction                     : Yes
Shift Register Extraction          : YES
ROM Style                          : Auto
Resource Sharing                   : YES
Asynchronous To Synchronous        : NO
Shift Register Minimum Size        : 2
Use DSP Block                      : Auto
Automatic Register Balancing       : No

---- Target Options
LUT Combining                      : Auto
Reduce Control Sets                : Auto
Add IO Buffers                     : YES
Global Maximum Fanout              : 100000
Add Generic Clock Buffer(BUFG)     : 16
Register Duplication               : YES
Optimize Instantiated Primitives   : NO
Use Clock Enable                   : Auto
Use Synchronous Set                : Auto
Use Synchronous Reset              : Auto
Pack IO Registers into IOBs        : Auto
Equivalent register Removal        : YES

---- General Options
Optimization Goal                  : Speed
Optimization Effort                : 1
Power Reduction                    : NO
Keep Hierarchy                     : No
Netlist Hierarchy                  : As_Optimized
RTL Output                         : Yes
Global Optimization                : AllClockNets
Read Cores                         : YES
Write Timing Constraints           : NO
Cross Clock Analysis               : NO
Hierarchy Separator                : /
Bus Delimiter                      : <>
Case Specifier                     : Maintain
Slice Utilization Ratio            : 100
BRAM Utilization Ratio             : 100
DSP48 Utilization Ratio            : 100
Auto BRAM Packing                  : NO
Slice Utilization Ratio Delta      : 5

=========================================================================


=========================================================================
*                          HDL Parsing                                  *
=========================================================================
Analyzing Verilog file "/home/student/Downloads/lab05_skel/ex2.v" into library work
Parsing module <ex2>.

=========================================================================
*                            HDL Elaboration                            *
=========================================================================

Elaborating module <ex2>.

=========================================================================
*                           HDL Synthesis                               *
=========================================================================

Synthesizing Unit <ex2>.
    Related source file is "/home/student/Downloads/lab05_skel/ex2.v".
    Found 32-bit register for signal <l_r_delay>.
    Found 2-bit register for signal <l_r_currentState>.
    Found finite state machine <FSM_0> for signal <l_r_currentState>.
    -----------------------------------------------------------------------
    | States             | 4                                              |
    | Transitions        | 8                                              |
    | Inputs             | 1                                              |
    | Outputs            | 8                                              |
    | Clock              | i_w_clk (rising_edge)                          |
    | Reset              | i_w_reset (positive)                           |
    | Reset type         | synchronous                                    |
    | Reset State        | 00                                             |
    | Encoding           | auto                                           |
    | Implementation     | LUT                                            |
    -----------------------------------------------------------------------
    Found 32-bit adder for signal <l_r_delay[31]_GND_1_o_add_1_OUT> created at line 34.
    Summary:
	inferred   1 Adder/Subtractor(s).
	inferred  32 D-type flip-flop(s).
	inferred   1 Finite State Machine(s).
Unit <ex2> synthesized.

=========================================================================
HDL Synthesis Report

Macro Statistics
# Adders/Subtractors                                   : 1
 32-bit adder                                          : 1
# Registers                                            : 1
 32-bit register                                       : 1
# FSMs                                                 : 1

=========================================================================

=========================================================================
*                       Advanced HDL Synthesis                          *
=========================================================================


Synthesizing (advanced) Unit <ex2>.
The following registers are absorbed into counter <l_r_delay>: 1 register on signal <l_r_delay>.
Unit <ex2> synthesized (advanced).

=========================================================================
Advanced HDL Synthesis Report

Macro Statistics
# Counters                                             : 1
 32-bit up counter                                     : 1
# FSMs                                                 : 1

=========================================================================

=========================================================================
*                         Low Level Synthesis                           *
=========================================================================
Analyzing FSM <MFsm> for best encoding.
Optimizing FSM <FSM_0> on signal <l_r_currentState[1:2]> with user encoding.
-------------------
 State | Encoding
-------------------
 00    | 00
 01    | 01
 10    | 10
 11    | 11
-------------------

Optimizing unit <ex2> ...
WARNING:Xst:1710 - FF/Latch <l_r_delay_31> (without init value) has a constant value of 0 in block <ex2>. This FF/Latch will be trimmed during the optimization process.
WARNING:Xst:1895 - Due to other FF/Latch trimming, FF/Latch <l_r_delay_30> (without init value) has a constant value of 0 in block <ex2>. This FF/Latch will be trimmed during the optimization process.
WARNING:Xst:1895 - Due to other FF/Latch trimming, FF/Latch <l_r_delay_29> (without init value) has a constant value of 0 in block <ex2>. This FF/Latch will be trimmed during the optimization process.
WARNING:Xst:1895 - Due to other FF/Latch trimming, FF/Latch <l_r_delay_28> (without init value) has a constant value of 0 in block <ex2>. This FF/Latch will be trimmed during the optimization process.
WARNING:Xst:1895 - Due to other FF/Latch trimming, FF/Latch <l_r_delay_27> (without init value) has a constant value of 0 in block <ex2>. This FF/Latch will be trimmed during the optimization process.
WARNING:Xst:1895 - Due to other FF/Latch trimming, FF/Latch <l_r_delay_26> (without init value) has a constant value of 0 in block <ex2>. This FF/Latch will be trimmed during the optimization process.
WARNING:Xst:1895 - Due to other FF/Latch trimming, FF/Latch <l_r_delay_25> (without init value) has a constant value of 0 in block <ex2>. This FF/Latch will be trimmed during the optimization process.
WARNING:Xst:1895 - Due to other FF/Latch trimming, FF/Latch <l_r_delay_24> (without init value) has a constant value of 0 in block <ex2>. This FF/Latch will be trimmed during the optimization process.
WARNING:Xst:1895 - Due to other FF/Latch trimming, FF/Latch <l_r_delay_23> (without init value) has a constant value of 0 in block <ex2>. This FF/Latch will be trimmed during the optimization process.
WARNING:Xst:1895 - Due to other FF/Latch trimming, FF/Latch <l_r_delay_22> (without init value) has a constant value of 0 in block <ex2>. This FF/Latch will be trimmed during the optimization process.
WARNING:Xst:1895 - Due to other FF/Latch trimming, FF/Latch <l_r_delay_21> (without init value) has a constant value of 0 in block <ex2>. This FF/Latch will be trimmed during the optimization process.
WARNING:Xst:1895 - Due to other FF/Latch trimming, FF/Latch <l_r_delay_20> (without init value) has a constant value of 0 in block <ex2>. This FF/Latch will be trimmed during the optimization process.
WARNING:Xst:1895 - Due to other FF/Latch trimming, FF/Latch <l_r_delay_19> (without init value) has a constant value of 0 in block <ex2>. This FF/Latch will be trimmed during the optimization process.
WARNING:Xst:1895 - Due to other FF/Latch trimming, FF/Latch <l_r_delay_18> (without init value) has a constant value of 0 in block <ex2>. This FF/Latch will be trimmed during the optimization process.
WARNING:Xst:1895 - Due to other FF/Latch trimming, FF/Latch <l_r_delay_16> (without init value) has a constant value of 0 in block <ex2>. This FF/Latch will be trimmed during the optimization process.
WARNING:Xst:1895 - Due to other FF/Latch trimming, FF/Latch <l_r_delay_15> (without init value) has a constant value of 0 in block <ex2>. This FF/Latch will be trimmed during the optimization process.
WARNING:Xst:1895 - Due to other FF/Latch trimming, FF/Latch <l_r_delay_17> (without init value) has a constant value of 0 in block <ex2>. This FF/Latch will be trimmed during the optimization process.
WARNING:Xst:1895 - Due to other FF/Latch trimming, FF/Latch <l_r_delay_14> (without init value) has a constant value of 0 in block <ex2>. This FF/Latch will be trimmed during the optimization process.
WARNING:Xst:1895 - Due to other FF/Latch trimming, FF/Latch <l_r_delay_13> (without init value) has a constant value of 0 in block <ex2>. This FF/Latch will be trimmed during the optimization process.
WARNING:Xst:1895 - Due to other FF/Latch trimming, FF/Latch <l_r_delay_12> (without init value) has a constant value of 0 in block <ex2>. This FF/Latch will be trimmed during the optimization process.
WARNING:Xst:1895 - Due to other FF/Latch trimming, FF/Latch <l_r_delay_11> (without init value) has a constant value of 0 in block <ex2>. This FF/Latch will be trimmed during the optimization process.
WARNING:Xst:1895 - Due to other FF/Latch trimming, FF/Latch <l_r_delay_10> (without init value) has a constant value of 0 in block <ex2>. This FF/Latch will be trimmed during the optimization process.

Mapping all equations...
Building and optimizing final netlist ...
Found area constraint ratio of 100 (+ 5) on block ex2, actual ratio is 0.

Final Macro Processing ...

=========================================================================
Final Register Report

Macro Statistics
# Registers                                            : 12
 Flip-Flops                                            : 12

=========================================================================

=========================================================================
*                           Partition Report                            *
=========================================================================

Partition Implementation Status
-------------------------------

  No Partitions were found in this design.

-------------------------------

=========================================================================
*                            Design Summary                             *
=========================================================================

Top Level Output File Name         : ex2.ngc

Primitive and Black Box Usage:
------------------------------
# BELS                             : 56
#      GND                         : 1
#      INV                         : 2
#      LUT1                        : 9
#      LUT2                        : 18
#      LUT3                        : 1
#      LUT5                        : 1
#      LUT6                        : 4
#      MUXCY                       : 9
#      VCC                         : 1
#      XORCY                       : 10
# FlipFlops/Latches                : 12
#      FD                          : 10
#      FDR                         : 2
# Clock Buffers                    : 1
#      BUFGP                       : 1
# IO Buffers                       : 13
#      IBUF                        : 1
#      OBUF                        : 12

Device utilization summary:
---------------------------

Selected Device : 6slx16csg324-3 


Slice Logic Utilization: 
 Number of Slice Registers:              12  out of  18224     0%  
 Number of Slice LUTs:                   35  out of   9112     0%  
    Number used as Logic:                35  out of   9112     0%  

Slice Logic Distribution: 
 Number of LUT Flip Flop pairs used:     35
   Number with an unused Flip Flop:      23  out of     35    65%  
   Number with an unused LUT:             0  out of     35     0%  
   Number of fully used LUT-FF pairs:    12  out of     35    34%  
   Number of unique control sets:         2

IO Utilization: 
 Number of IOs:                          14
 Number of bonded IOBs:                  14  out of    232     6%  

Specific Feature Utilization:
 Number of BUFG/BUFGCTRLs:                1  out of     16     6%  

---------------------------
Partition Resource Summary:
---------------------------

  No Partitions were found in this design.

---------------------------


=========================================================================
Timing Report

NOTE: THESE TIMING NUMBERS ARE ONLY A SYNTHESIS ESTIMATE.
      FOR ACCURATE TIMING INFORMATION PLEASE REFER TO THE TRACE REPORT
      GENERATED AFTER PLACE-and-ROUTE.

Clock Information:
------------------
-----------------------------------+------------------------+-------+
Clock Signal                       | Clock buffer(FF name)  | Load  |
-----------------------------------+------------------------+-------+
i_w_clk                            | BUFGP                  | 12    |
-----------------------------------+------------------------+-------+

Asynchronous Control Signals Information:
----------------------------------------
No asynchronous control signals found in this design

Timing Summary:
---------------
Speed Grade: -3

   Minimum period: 3.637ns (Maximum Frequency: 274.986MHz)
   Minimum input arrival time before clock: 3.609ns
   Maximum output required time after clock: 4.778ns
   Maximum combinational path delay: No path found

Timing Details:
---------------
All values displayed in nanoseconds (ns)

=========================================================================
Timing constraint: Default period analysis for Clock 'i_w_clk'
  Clock period: 3.637ns (frequency: 274.986MHz)
  Total number of paths / destination ports: 178 / 12
-------------------------------------------------------------------------
Delay:               3.637ns (Levels of Logic = 3)
  Source:            l_r_delay_5 (FF)
  Destination:       l_r_delay_1 (FF)
  Source Clock:      i_w_clk rising
  Destination Clock: i_w_clk rising

  Data Path: l_r_delay_5 to l_r_delay_1
                                Gate     Net
    Cell:in->out      fanout   Delay   Delay  Logical Name (Net Name)
    ----------------------------------------  ------------
     FD:C->Q               2   0.447   0.961  l_r_delay_5 (l_r_delay_5)
     LUT5:I0->O            4   0.203   0.684  l_r_delay[31]_GND_1_o_equal_3_o<31>_SW0 (N3)
     LUT6:I5->O            9   0.205   0.830  Mcount_l_r_delay_val321 (Mcount_l_r_delay_val)
     LUT2:I1->O            1   0.205   0.000  l_r_delay_1_rstpot (l_r_delay_1_rstpot)
     FD:D                      0.102          l_r_delay_1
    ----------------------------------------
    Total                      3.637ns (1.162ns logic, 2.475ns route)
                                       (32.0% logic, 68.0% route)

=========================================================================
Timing constraint: Default OFFSET IN BEFORE for Clock 'i_w_clk'
  Total number of paths / destination ports: 12 / 12
-------------------------------------------------------------------------
Offset:              3.609ns (Levels of Logic = 3)
  Source:            i_w_reset (PAD)
  Destination:       l_r_delay_1 (FF)
  Destination Clock: i_w_clk rising

  Data Path: i_w_reset to l_r_delay_1
                                Gate     Net
    Cell:in->out      fanout   Delay   Delay  Logical Name (Net Name)
    ----------------------------------------  ------------
     IBUF:I->O             4   1.222   1.048  i_w_reset_IBUF (i_w_reset_IBUF)
     LUT6:I0->O            9   0.203   0.830  Mcount_l_r_delay_val321 (Mcount_l_r_delay_val)
     LUT2:I1->O            1   0.205   0.000  l_r_delay_1_rstpot (l_r_delay_1_rstpot)
     FD:D                      0.102          l_r_delay_1
    ----------------------------------------
    Total                      3.609ns (1.732ns logic, 1.877ns route)
                                       (48.0% logic, 52.0% route)

=========================================================================
Timing constraint: Default OFFSET OUT AFTER for Clock 'i_w_clk'
  Total number of paths / destination ports: 20 / 11
-------------------------------------------------------------------------
Offset:              4.778ns (Levels of Logic = 2)
  Source:            l_r_currentState_FSM_FFd1 (FF)
  Destination:       o_r_AN0 (PAD)
  Source Clock:      i_w_clk rising

  Data Path: l_r_currentState_FSM_FFd1 to o_r_AN0
                                Gate     Net
    Cell:in->out      fanout   Delay   Delay  Logical Name (Net Name)
    ----------------------------------------  ------------
     FDR:C->Q              8   0.447   0.907  l_r_currentState_FSM_FFd1 (l_r_currentState_FSM_FFd1)
     LUT2:I0->O            3   0.203   0.650  l_r_currentState__n0034<0>1 (o_r_DP_OBUF)
     OBUF:I->O                 2.571          o_r_AN0_OBUF (o_r_AN0)
    ----------------------------------------
    Total                      4.778ns (3.221ns logic, 1.557ns route)
                                       (67.4% logic, 32.6% route)

=========================================================================

Cross Clock Domains Report:
--------------------------

Clock to Setup on destination clock i_w_clk
---------------+---------+---------+---------+---------+
               | Src:Rise| Src:Fall| Src:Rise| Src:Fall|
Source Clock   |Dest:Rise|Dest:Rise|Dest:Fall|Dest:Fall|
---------------+---------+---------+---------+---------+
i_w_clk        |    3.637|         |         |         |
---------------+---------+---------+---------+---------+

=========================================================================


Total REAL time to Xst completion: 4.00 secs
Total CPU time to Xst completion: 4.20 secs
 
--> 


Total memory usage is 394500 kilobytes

Number of errors   :    0 (   0 filtered)
Number of warnings :   22 (   0 filtered)
Number of infos    :    0 (   0 filtered)

