--------------------------------------------------------------------------------
Release 14.7 Trace  (lin64)
Copyright (c) 1995-2013 Xilinx, Inc.  All rights reserved.

/opt/Xilinx/14.7/ISE_DS/ISE/bin/lin64/unwrapped/trce -intstyle ise -v 3 -s 3 -n
3 -fastpaths -xml ex3.twx ex3.ncd -o ex3.twr ex3.pcf -ucf icmp1.ucf

Design file:              ex3.ncd
Physical constraint file: ex3.pcf
Device,package,speed:     xc6slx16,csg324,C,-3 (PRODUCTION 1.23 2013-10-13)
Report level:             verbose report

Environment Variable      Effect 
--------------------      ------ 
NONE                      No environment variables were set
--------------------------------------------------------------------------------

INFO:Timing:2698 - No timing constraints found, doing default enumeration.
INFO:Timing:3412 - To improve timing, see the Timing Closure User Guide (UG612).
INFO:Timing:2752 - To get complete path coverage, use the unconstrained paths 
   option. All paths that are not constrained will be reported in the 
   unconstrained paths section(s) of the report.
INFO:Timing:3339 - The clock-to-out numbers in this timing report are based on 
   a 50 Ohm transmission line loading model.  For the details of this model, 
   and for more information on accounting for different loading conditions, 
   please see the device datasheet.



Data Sheet report:
-----------------
All values displayed in nanoseconds (ns)

Setup/Hold to clock clk
------------+------------+------------+------------+------------+------------------+--------+
            |Max Setup to|  Process   |Max Hold to |  Process   |                  | Clock  |
Source      | clk (edge) |   Corner   | clk (edge) |   Corner   |Internal Clock(s) | Phase  |
------------+------------+------------+------------+------------+------------------+--------+
button      |    0.966(R)|      FAST  |   -0.396(R)|      SLOW  |clk_BUFGP         |   0.000|
reset       |    6.019(R)|      SLOW  |   -0.280(R)|      SLOW  |clk_BUFGP         |   0.000|
------------+------------+------------+------------+------------+------------------+--------+

Clock clk to Pad
------------+-----------------+------------+-----------------+------------+------------------+--------+
            |Max (slowest) clk|  Process   |Min (fastest) clk|  Process   |                  | Clock  |
Destination |  (edge) to PAD  |   Corner   |  (edge) to PAD  |   Corner   |Internal Clock(s) | Phase  |
------------+-----------------+------------+-----------------+------------+------------------+--------+
CA          |        39.697(R)|      SLOW  |         4.738(R)|      FAST  |clk_BUFGP         |   0.000|
CB          |        39.348(R)|      SLOW  |         4.732(R)|      FAST  |clk_BUFGP         |   0.000|
CC          |        40.664(R)|      SLOW  |         4.898(R)|      FAST  |clk_BUFGP         |   0.000|
CD          |        40.444(R)|      SLOW  |         4.948(R)|      FAST  |clk_BUFGP         |   0.000|
CE          |        39.675(R)|      SLOW  |         4.713(R)|      FAST  |clk_BUFGP         |   0.000|
CF          |        39.851(R)|      SLOW  |         4.516(R)|      FAST  |clk_BUFGP         |   0.000|
CG          |        40.407(R)|      SLOW  |         4.921(R)|      FAST  |clk_BUFGP         |   0.000|
o_r_AN0     |         8.850(R)|      SLOW  |         4.517(R)|      FAST  |clk_BUFGP         |   0.000|
o_r_AN1     |         9.203(R)|      SLOW  |         4.629(R)|      FAST  |clk_BUFGP         |   0.000|
o_r_AN2     |         8.759(R)|      SLOW  |         4.482(R)|      FAST  |clk_BUFGP         |   0.000|
o_r_AN3     |         8.907(R)|      SLOW  |         4.468(R)|      FAST  |clk_BUFGP         |   0.000|
------------+-----------------+------------+-----------------+------------+------------------+--------+

Clock to Setup on destination clock clk
---------------+---------+---------+---------+---------+
               | Src:Rise| Src:Fall| Src:Rise| Src:Fall|
Source Clock   |Dest:Rise|Dest:Rise|Dest:Fall|Dest:Fall|
---------------+---------+---------+---------+---------+
clk            |    3.828|         |         |         |
---------------+---------+---------+---------+---------+


Analysis completed Fri Apr 15 16:00:02 2022 
--------------------------------------------------------------------------------

Trace Settings:
-------------------------
Trace Settings 

Peak Memory Usage: 401 MB



